\BOOKMARK [1][-]{section.1}{\376\377\000S\000y\000s\000t\000e\000m\000'\000s\000\040\000p\000e\000r\000s\000p\000e\000c\000t\000i\000v\000e}{}% 1
\BOOKMARK [2][-]{subsection.1.1}{\376\377\000A\000r\000c\000h\000i\000t\000e\000c\000t\000u\000r\000e\000\040\000a\000n\000d\000\040\000D\000e\000s\000i\000g\000n}{section.1}% 2
\BOOKMARK [3][-]{subsubsection.1.1.1}{\376\377\000F\000r\000o\000n\000t\000e\000n\000d}{subsection.1.1}% 3
\BOOKMARK [3][-]{subsubsection.1.1.2}{\376\377\000A\000P\000I}{subsection.1.1}% 4
\BOOKMARK [2][-]{subsection.1.2}{\376\377\000D\000e\000p\000e\000n\000d\000e\000n\000c\000i\000e\000s}{section.1}% 5
\BOOKMARK [2][-]{subsection.1.3}{\376\377\000C\000u\000r\000r\000e\000n\000t\000\040\000s\000t\000a\000t\000e\000\040\000o\000f\000\040\000t\000h\000e\000\040\000s\000y\000s\000t\000e\000m\000s}{section.1}% 6
\BOOKMARK [2][-]{subsection.1.4}{\376\377\000L\000i\000c\000e\000n\000s\000e\000s}{section.1}% 7
\BOOKMARK [1][-]{section.2}{\376\377\000P\000r\000o\000c\000e\000s\000s\000'\000\040\000p\000e\000r\000s\000p\000e\000c\000t\000i\000v\000e}{}% 8
\BOOKMARK [2][-]{subsection.2.1}{\376\377\000R\000e\000p\000o\000s\000i\000t\000o\000r\000y\000\040\000\046\000\040\000B\000r\000a\000n\000c\000h\000i\000n\000g\000\040\000s\000t\000r\000a\000t\000e\000g\000y}{section.2}% 9
\BOOKMARK [3][-]{subsubsection.2.1.1}{\376\377\000B\000r\000a\000n\000c\000h\000i\000n\000g\000\040\000s\000t\000r\000a\000t\000e\000g\000y}{subsection.2.1}% 10
\BOOKMARK [2][-]{subsection.2.2}{\376\377\000C\000I\000/\000C\000D\000\040\000c\000h\000a\000i\000n}{section.2}% 11
\BOOKMARK [3][-]{subsubsection.2.2.1}{\376\377\000R\000e\000l\000e\000a\000s\000e\000s}{subsection.2.2}% 12
\BOOKMARK [3][-]{subsubsection.2.2.2}{\376\377\000P\000u\000l\000l\000\040\000R\000e\000q\000u\000e\000s\000t}{subsection.2.2}% 13
\BOOKMARK [3][-]{subsubsection.2.2.3}{\376\377\000D\000e\000p\000l\000o\000y\000m\000e\000n\000t}{subsection.2.2}% 14
\BOOKMARK [2][-]{subsection.2.3}{\376\377\000D\000e\000v\000e\000l\000o\000p\000m\000e\000n\000t\000\040\000p\000r\000o\000c\000e\000s\000s}{section.2}% 15
\BOOKMARK [2][-]{subsection.2.4}{\376\377\000F\000l\000o\000w\000\040\000o\000f\000\040\000t\000h\000e\000\040\000C\000I\000/\000C\000D\000\040\000c\000h\000a\000i\000n}{section.2}% 16
\BOOKMARK [2][-]{subsection.2.5}{\376\377\000M\000o\000n\000i\000t\000o\000r\000i\000n\000g}{section.2}% 17
\BOOKMARK [2][-]{subsection.2.6}{\376\377\000L\000o\000g\000g\000i\000n\000g}{section.2}% 18
\BOOKMARK [2][-]{subsection.2.7}{\376\377\000S\000e\000c\000u\000r\000i\000t\000y\000\040\000a\000s\000s\000e\000s\000s\000m\000e\000n\000t}{section.2}% 19
\BOOKMARK [2][-]{subsection.2.8}{\376\377\000C\000r\000i\000t\000i\000c\000a\000l\000\040\000i\000n\000c\000i\000d\000e\000n\000t}{section.2}% 20
\BOOKMARK [2][-]{subsection.2.9}{\376\377\000S\000c\000a\000l\000i\000n\000g\000\040\000a\000n\000d\000\040\000l\000o\000a\000d\000\040\000b\000a\000l\000a\000n\000c\000i\000n\000g}{section.2}% 21
\BOOKMARK [1][-]{section.3}{\376\377\000L\000e\000s\000s\000o\000n\000s\000\040\000L\000e\000a\000r\000n\000e\000d\000\040\000P\000e\000r\000s\000p\000e\000c\000t\000i\000v\000e}{}% 22
\BOOKMARK [2][-]{subsection.3.1}{\376\377\000E\000v\000o\000l\000u\000t\000i\000o\000n\000\040\000a\000n\000d\000\040\000r\000e\000f\000a\000c\000t\000o\000r\000i\000n\000g}{section.3}% 23
\BOOKMARK [2][-]{subsection.3.2}{\376\377\000O\000p\000e\000r\000a\000t\000i\000o\000n}{section.3}% 24
\BOOKMARK [2][-]{subsection.3.3}{\376\377\000M\000a\000i\000n\000t\000e\000n\000a\000n\000c\000e}{section.3}% 25
\BOOKMARK [1][-]{section.4}{\376\377\000F\000u\000t\000u\000r\000e\000\040\000w\000o\000r\000k}{}% 26
\BOOKMARK [1][-]{appendix.A}{\376\377\000D\000e\000p\000e\000n\000d\000e\000n\000c\000i\000e\000s\000\040\000o\000f\000\040\000t\000h\000e\000\040\000p\000r\000o\000j\000e\000c\000t}{}% 27
